<?xml version="1.0" encoding="utf-8"?><testsuites name="pytest tests"><testsuite name="pytest" errors="0" failures="0" skipped="0" tests="18" time="5.706" timestamp="2026-03-25T09:45:41.163056+00:00" hostname="agent-env-cf546cf1-c66f-42f6-a2c0-e5c59300d34d"><testcase classname="backend.tests.test_ppc_automation.TestAuthentication" name="test_login_success" time="0.532" /><testcase classname="backend.tests.test_ppc_automation.TestBudgetCalculator" name="test_budget_calculator_basic" time="1.217" /><testcase classname="backend.tests.test_ppc_automation.TestBudgetCalculator" name="test_budget_calculator_high_acos" time="0.123" /><testcase classname="backend.tests.test_ppc_automation.TestBudgetCalculator" name="test_budget_planner_products" time="0.098" /><testcase classname="backend.tests.test_ppc_automation.TestBudgetCalculator" name="test_update_product_budget" time="0.222" /><testcase classname="backend.tests.test_ppc_automation.TestDayParting" name="test_dayparting_analysis" time="0.421" /><testcase classname="backend.tests.test_ppc_automation.TestDayParting" name="test_dayparting_schedule_get" time="0.157" /><testcase classname="backend.tests.test_ppc_automation.TestDayParting" name="test_dayparting_schedule_update" time="0.109" /><testcase classname="backend.tests.test_ppc_automation.TestOptimization" name="test_optimization_suggestions" time="0.428" /><testcase classname="backend.tests.test_ppc_automation.TestOptimization" name="test_apply_single_optimization" time="0.184" /><testcase classname="backend.tests.test_ppc_automation.TestOptimization" name="test_apply_all_optimizations" time="0.210" /><testcase classname="backend.tests.test_ppc_automation.TestCampaignBuilder" name="test_get_products_for_campaign" time="0.437" /><testcase classname="backend.tests.test_ppc_automation.TestCampaignBuilder" name="test_generate_ai_campaigns" time="0.200" /><testcase classname="backend.tests.test_ppc_automation.TestCampaignBuilder" name="test_launch_campaigns" time="0.296" /><testcase classname="backend.tests.test_ppc_automation.TestNotificationSystem" name="test_get_notification_settings" time="0.423" /><testcase classname="backend.tests.test_ppc_automation.TestNotificationSystem" name="test_update_notification_settings" time="0.143" /><testcase classname="backend.tests.test_ppc_automation.TestNotificationSystem" name="test_get_notification_history" time="0.165" /><testcase classname="backend.tests.test_ppc_automation.TestNotificationSystem" name="test_mark_notification_read" time="0.198" /></testsuite></testsuites>